<?xml version="1.0" encoding="UTF-8"?>
<testng-results ignored="0" total="1" passed="1" failed="0" skipped="0">
  <reporter-output>
  </reporter-output>
  <suite started-at="2024-06-07T09:00:18 IST" name="Default suite" finished-at="2024-06-07T09:01:19 IST" duration-ms="61128">
    <groups>
    </groups>
    <test started-at="2024-06-07T09:00:18 IST" name="Default test" finished-at="2024-06-07T09:01:19 IST" duration-ms="61128">
      <class name="TESTpkg.Gowntestclass">
        <test-method is-config="true" signature="setup()[pri:0, instance:TESTpkg.Gowntestclass@5ab956d7]" started-at="2024-06-07T09:00:18 IST" name="setup" finished-at="2024-06-07T09:00:53 IST" duration-ms="34447" status="PASS">
          <reporter-output>
          </reporter-output>
        </test-method> <!-- setup -->
        <test-method signature="hiringtest()[pri:0, instance:TESTpkg.Gowntestclass@5ab956d7]" started-at="2024-06-07T09:00:53 IST" name="hiringtest" finished-at="2024-06-07T09:01:19 IST" duration-ms="26382" status="PASS">
          <reporter-output>
          </reporter-output>
        </test-method> <!-- hiringtest -->
      </class> <!-- TESTpkg.Gowntestclass -->
    </test> <!-- Default test -->
  </suite> <!-- Default suite -->
</testng-results>
